<?xml version="1.0" encoding="UTF-8"?>
<!-- Generated by org.testng.reporters.JUnitReportReporter -->
<testsuite hostname="KairosHW0450" failures="0" tests="1" name="com.SP.testcases.OpenAccountTest" time="2.536" errors="0" timestamp="20 Apr 2023 04:29:09 GMT" skipped="0">
  <testcase classname="com.SP.testcases.OpenAccountTest" name="openAccountTest" time="2.536"/>
</testsuite> <!-- com.SP.testcases.OpenAccountTest -->
